<?xml version="1.0" encoding="UTF-8"?>
<!-- Generated by org.testng.reporters.JUnitXMLReporter -->
<testsuite hostname="ZMO-WIN-AmrutaV-01" ignored="0" name="Test" tests="4" failures="0" timestamp="2021-12-01T16:58:16 IST" time="0.063" errors="0">
  <testcase name="BrowserAutomation" time="0.004" classname="amruta.Mavenjava.SeleniumTest"/>
  <testcase name="elementUI" time="0.0" classname="amruta.Mavenjava.SeleniumTest"/>
  <testcase name="deleteTwitter" time="0.0" classname="amruta.Mavenjava.RESTAPITest"/>
  <testcase name="postJira" time="0.002" classname="amruta.Mavenjava.RESTAPITest"/>
</testsuite> <!-- Test -->
