<?xml version="1.0" encoding="UTF-8"?>
<testng-results skipped="0" failed="0" ignored="0" total="4" passed="4">
  <reporter-output>
  </reporter-output>
  <suite name="Suite" duration-ms="63" started-at="2021-12-01T16:58:16 IST" finished-at="2021-12-01T16:58:16 IST">
    <groups>
    </groups>
    <test name="Test" duration-ms="63" started-at="2021-12-01T16:58:16 IST" finished-at="2021-12-01T16:58:16 IST">
      <class name="amruta.Mavenjava.SeleniumTest">
        <test-method status="PASS" signature="BrowserAutomation()[pri:0, instance:amruta.Mavenjava.SeleniumTest@4f063c0a]" name="BrowserAutomation" duration-ms="4" started-at="2021-12-01T16:58:16 IST" finished-at="2021-12-01T16:58:16 IST">
          <reporter-output>
          </reporter-output>
        </test-method> <!-- BrowserAutomation -->
        <test-method status="PASS" signature="elementUI()[pri:0, instance:amruta.Mavenjava.SeleniumTest@4f063c0a]" name="elementUI" duration-ms="0" started-at="2021-12-01T16:58:16 IST" finished-at="2021-12-01T16:58:16 IST">
          <reporter-output>
          </reporter-output>
        </test-method> <!-- elementUI -->
      </class> <!-- amruta.Mavenjava.SeleniumTest -->
      <class name="amruta.Mavenjava.RESTAPITest">
        <test-method status="PASS" signature="deleteTwitter()[pri:0, instance:amruta.Mavenjava.RESTAPITest@51cdd8a]" name="deleteTwitter" duration-ms="0" started-at="2021-12-01T16:58:16 IST" finished-at="2021-12-01T16:58:16 IST">
          <reporter-output>
          </reporter-output>
        </test-method> <!-- deleteTwitter -->
        <test-method status="PASS" signature="postJira()[pri:0, instance:amruta.Mavenjava.RESTAPITest@51cdd8a]" name="postJira" duration-ms="2" started-at="2021-12-01T16:58:16 IST" finished-at="2021-12-01T16:58:16 IST">
          <reporter-output>
          </reporter-output>
        </test-method> <!-- postJira -->
      </class> <!-- amruta.Mavenjava.RESTAPITest -->
    </test> <!-- Test -->
  </suite> <!-- Suite -->
</testng-results>
